  Graph.cpp
D:\Uni Projects\IA\AA3_Pathfinding\src\Graph.cpp(11,66): warning C4244: 'argument': conversion from 'unsigned int' to 'float', possible loss of data
D:\Uni Projects\IA\AA3_Pathfinding\src\Graph.cpp(11,49): warning C4244: 'argument': conversion from 'unsigned int' to 'float', possible loss of data
D:\Uni Projects\IA\AA3_Pathfinding\src\Graph.cpp(17,73): warning C4244: 'argument': conversion from 'unsigned int' to 'float', possible loss of data
D:\Uni Projects\IA\AA3_Pathfinding\src\Graph.cpp(17,52): warning C4244: 'argument': conversion from 'unsigned int' to 'float', possible loss of data
D:\Uni Projects\IA\AA3_Pathfinding\src\Graph.cpp(19,81): warning C4244: 'argument': conversion from 'unsigned int' to 'float', possible loss of data
D:\Uni Projects\IA\AA3_Pathfinding\src\Graph.cpp(19,60): warning C4244: 'argument': conversion from 'unsigned int' to 'float', possible loss of data
D:\Uni Projects\IA\AA3_Pathfinding\src\Graph.cpp(20,66): warning C4244: 'argument': conversion from 'unsigned int' to 'float', possible loss of data
D:\Uni Projects\IA\AA3_Pathfinding\src\Graph.cpp(20,45): warning C4244: 'argument': conversion from 'unsigned int' to 'float', possible loss of data
D:\Uni Projects\IA\AA3_Pathfinding\src\Graph.cpp(20,19): warning C4244: 'argument': conversion from 'int' to 'float', possible loss of data
D:\Uni Projects\IA\AA3_Pathfinding\src\Graph.cpp(23,73): warning C4244: 'argument': conversion from 'unsigned int' to 'float', possible loss of data
D:\Uni Projects\IA\AA3_Pathfinding\src\Graph.cpp(23,52): warning C4244: 'argument': conversion from 'unsigned int' to 'float', possible loss of data
D:\Uni Projects\IA\AA3_Pathfinding\src\Graph.cpp(25,81): warning C4244: 'argument': conversion from 'unsigned int' to 'float', possible loss of data
D:\Uni Projects\IA\AA3_Pathfinding\src\Graph.cpp(25,60): warning C4244: 'argument': conversion from 'unsigned int' to 'float', possible loss of data
D:\Uni Projects\IA\AA3_Pathfinding\src\Graph.cpp(26,66): warning C4244: 'argument': conversion from 'unsigned int' to 'float', possible loss of data
D:\Uni Projects\IA\AA3_Pathfinding\src\Graph.cpp(26,45): warning C4244: 'argument': conversion from 'unsigned int' to 'float', possible loss of data
D:\Uni Projects\IA\AA3_Pathfinding\src\Graph.cpp(26,19): warning C4244: 'argument': conversion from 'int' to 'float', possible loss of data
D:\Uni Projects\IA\AA3_Pathfinding\src\Graph.cpp(30,71): warning C4244: 'argument': conversion from 'unsigned int' to 'float', possible loss of data
D:\Uni Projects\IA\AA3_Pathfinding\src\Graph.cpp(30,52): warning C4244: 'argument': conversion from 'unsigned int' to 'float', possible loss of data
D:\Uni Projects\IA\AA3_Pathfinding\src\Graph.cpp(32,79): warning C4244: 'argument': conversion from 'unsigned int' to 'float', possible loss of data
D:\Uni Projects\IA\AA3_Pathfinding\src\Graph.cpp(32,60): warning C4244: 'argument': conversion from 'unsigned int' to 'float', possible loss of data
D:\Uni Projects\IA\AA3_Pathfinding\src\Graph.cpp(33,64): warning C4244: 'argument': conversion from 'unsigned int' to 'float', possible loss of data
D:\Uni Projects\IA\AA3_Pathfinding\src\Graph.cpp(33,45): warning C4244: 'argument': conversion from 'unsigned int' to 'float', possible loss of data
D:\Uni Projects\IA\AA3_Pathfinding\src\Graph.cpp(33,19): warning C4244: 'argument': conversion from 'int' to 'float', possible loss of data
D:\Uni Projects\IA\AA3_Pathfinding\src\Graph.cpp(38,69): warning C4244: 'argument': conversion from 'unsigned int' to 'float', possible loss of data
D:\Uni Projects\IA\AA3_Pathfinding\src\Graph.cpp(38,50): warning C4244: 'argument': conversion from 'unsigned int' to 'float', possible loss of data
D:\Uni Projects\IA\AA3_Pathfinding\src\Graph.cpp(40,77): warning C4244: 'argument': conversion from 'unsigned int' to 'float', possible loss of data
D:\Uni Projects\IA\AA3_Pathfinding\src\Graph.cpp(40,58): warning C4244: 'argument': conversion from 'unsigned int' to 'float', possible loss of data
D:\Uni Projects\IA\AA3_Pathfinding\src\Graph.cpp(41,62): warning C4244: 'argument': conversion from 'unsigned int' to 'float', possible loss of data
D:\Uni Projects\IA\AA3_Pathfinding\src\Graph.cpp(41,43): warning C4244: 'argument': conversion from 'unsigned int' to 'float', possible loss of data
D:\Uni Projects\IA\AA3_Pathfinding\src\Graph.cpp(41,19): warning C4244: 'argument': conversion from 'int' to 'float', possible loss of data
D:\Uni Projects\IA\AA3_Pathfinding\src\Graph.cpp(44,69): warning C4244: 'argument': conversion from 'unsigned int' to 'float', possible loss of data
D:\Uni Projects\IA\AA3_Pathfinding\src\Graph.cpp(44,50): warning C4244: 'argument': conversion from 'unsigned int' to 'float', possible loss of data
D:\Uni Projects\IA\AA3_Pathfinding\src\Graph.cpp(46,77): warning C4244: 'argument': conversion from 'unsigned int' to 'float', possible loss of data
D:\Uni Projects\IA\AA3_Pathfinding\src\Graph.cpp(46,58): warning C4244: 'argument': conversion from 'unsigned int' to 'float', possible loss of data
D:\Uni Projects\IA\AA3_Pathfinding\src\Graph.cpp(47,62): warning C4244: 'argument': conversion from 'unsigned int' to 'float', possible loss of data
D:\Uni Projects\IA\AA3_Pathfinding\src\Graph.cpp(47,43): warning C4244: 'argument': conversion from 'unsigned int' to 'float', possible loss of data
D:\Uni Projects\IA\AA3_Pathfinding\src\Graph.cpp(47,19): warning C4244: 'argument': conversion from 'int' to 'float', possible loss of data
D:\Uni Projects\IA\AA3_Pathfinding\src\Graph.cpp(52,71): warning C4244: 'argument': conversion from 'unsigned int' to 'float', possible loss of data
D:\Uni Projects\IA\AA3_Pathfinding\src\Graph.cpp(52,52): warning C4244: 'argument': conversion from 'unsigned int' to 'float', possible loss of data
D:\Uni Projects\IA\AA3_Pathfinding\src\Graph.cpp(54,79): warning C4244: 'argument': conversion from 'unsigned int' to 'float', possible loss of data
D:\Uni Projects\IA\AA3_Pathfinding\src\Graph.cpp(54,60): warning C4244: 'argument': conversion from 'unsigned int' to 'float', possible loss of data
D:\Uni Projects\IA\AA3_Pathfinding\src\Graph.cpp(55,64): warning C4244: 'argument': conversion from 'unsigned int' to 'float', possible loss of data
D:\Uni Projects\IA\AA3_Pathfinding\src\Graph.cpp(55,45): warning C4244: 'argument': conversion from 'unsigned int' to 'float', possible loss of data
D:\Uni Projects\IA\AA3_Pathfinding\src\Graph.cpp(55,19): warning C4244: 'argument': conversion from 'int' to 'float', possible loss of data
D:\Uni Projects\IA\AA3_Pathfinding\src\Graph.cpp(60,73): warning C4244: 'argument': conversion from 'unsigned int' to 'float', possible loss of data
D:\Uni Projects\IA\AA3_Pathfinding\src\Graph.cpp(60,52): warning C4244: 'argument': conversion from 'unsigned int' to 'float', possible loss of data
D:\Uni Projects\IA\AA3_Pathfinding\src\Graph.cpp(62,81): warning C4244: 'argument': conversion from 'unsigned int' to 'float', possible loss of data
D:\Uni Projects\IA\AA3_Pathfinding\src\Graph.cpp(62,60): warning C4244: 'argument': conversion from 'unsigned int' to 'float', possible loss of data
D:\Uni Projects\IA\AA3_Pathfinding\src\Graph.cpp(63,66): warning C4244: 'argument': conversion from 'unsigned int' to 'float', possible loss of data
D:\Uni Projects\IA\AA3_Pathfinding\src\Graph.cpp(63,45): warning C4244: 'argument': conversion from 'unsigned int' to 'float', possible loss of data
D:\Uni Projects\IA\AA3_Pathfinding\src\Graph.cpp(63,19): warning C4244: 'argument': conversion from 'int' to 'float', possible loss of data
D:\Uni Projects\IA\AA3_Pathfinding\src\Graph.cpp(66,73): warning C4244: 'argument': conversion from 'unsigned int' to 'float', possible loss of data
D:\Uni Projects\IA\AA3_Pathfinding\src\Graph.cpp(66,52): warning C4244: 'argument': conversion from 'unsigned int' to 'float', possible loss of data
D:\Uni Projects\IA\AA3_Pathfinding\src\Graph.cpp(68,81): warning C4244: 'argument': conversion from 'unsigned int' to 'float', possible loss of data
D:\Uni Projects\IA\AA3_Pathfinding\src\Graph.cpp(68,60): warning C4244: 'argument': conversion from 'unsigned int' to 'float', possible loss of data
D:\Uni Projects\IA\AA3_Pathfinding\src\Graph.cpp(69,66): warning C4244: 'argument': conversion from 'unsigned int' to 'float', possible loss of data
D:\Uni Projects\IA\AA3_Pathfinding\src\Graph.cpp(69,45): warning C4244: 'argument': conversion from 'unsigned int' to 'float', possible loss of data
D:\Uni Projects\IA\AA3_Pathfinding\src\Graph.cpp(69,19): warning C4244: 'argument': conversion from 'int' to 'float', possible loss of data
D:\Uni Projects\IA\AA3_Pathfinding\src\Graph.cpp(73,70): warning C4244: 'argument': conversion from 'unsigned int' to 'float', possible loss of data
D:\Uni Projects\IA\AA3_Pathfinding\src\Graph.cpp(73,53): warning C4244: 'argument': conversion from 'unsigned int' to 'float', possible loss of data
D:\Uni Projects\IA\AA3_Pathfinding\src\Graph.cpp(73,147): warning C4244: 'argument': conversion from 'unsigned int' to 'float', possible loss of data
D:\Uni Projects\IA\AA3_Pathfinding\src\Graph.cpp(73,130): warning C4244: 'argument': conversion from 'unsigned int' to 'float', possible loss of data
D:\Uni Projects\IA\AA3_Pathfinding\src\Graph.cpp(73,106): warning C4244: 'argument': conversion from 'int' to 'float', possible loss of data
D:\Uni Projects\IA\AA3_Pathfinding\src\Graph.cpp(105): warning C4715: 'Graph::getCurrentNodePosition': not all control paths return a value
  SDL_Pathfinding.vcxproj -> D:\Uni Projects\IA\AA3_Pathfinding\bin\SDL_Pathfinding.exe
